Assembler report for LOG2_CW
Thu May 03 19:10:47 2018
Quartus Prime Version 17.1.0 Build 590 10/25/2017 SJ Lite Edition


---------------------
; Table of Contents ;
---------------------
  1. Legal Notice
  2. Assembler Summary
  3. Assembler Settings
  4. Assembler Generated Files
  5. Assembler Device Options: D:/projects/hard/vhdl/TDCS_CW/CW/output_files/LOG2_CW.sof
  6. Assembler Device Options: D:/projects/hard/vhdl/TDCS_CW/CW/output_files/LOG2_CW.pof
  7. Assembler Messages



----------------
; Legal Notice ;
----------------
Copyright (C) 2017  Intel Corporation. All rights reserved.
Your use of Intel Corporation's design tools, logic functions 
and other software and tools, and its AMPP partner logic 
functions, and any output files from any of the foregoing 
(including device programming or simulation files), and any 
associated documentation or information are expressly subject 
to the terms and conditions of the Intel Program License 
Subscription Agreement, the Intel Quartus Prime License Agreement,
the Intel FPGA IP License Agreement, or other applicable license
agreement, including, without limitation, that your use is for
the sole purpose of programming logic devices manufactured by
Intel and sold by Intel or its authorized distributors.  Please
refer to the applicable agreement for further details.



+---------------------------------------------------------------+
; Assembler Summary                                             ;
+-----------------------+---------------------------------------+
; Assembler Status      ; Successful - Thu May 03 19:10:47 2018 ;
; Revision Name         ; LOG2_CW                               ;
; Top-level Entity Name ; LOG2_CW                               ;
; Family                ; Cyclone V                             ;
; Device                ; 5CGXFC5C6F27C7                        ;
+-----------------------+---------------------------------------+


+----------------------------------+
; Assembler Settings               ;
+--------+---------+---------------+
; Option ; Setting ; Default Value ;
+--------+---------+---------------+


+-----------------------------------------------------------+
; Assembler Generated Files                                 ;
+-----------------------------------------------------------+
; File Name                                                 ;
+-----------------------------------------------------------+
; D:/projects/hard/vhdl/TDCS_CW/CW/output_files/LOG2_CW.sof ;
; D:/projects/hard/vhdl/TDCS_CW/CW/output_files/LOG2_CW.pof ;
+-----------------------------------------------------------+


+-------------------------------------------------------------------------------------+
; Assembler Device Options: D:/projects/hard/vhdl/TDCS_CW/CW/output_files/LOG2_CW.sof ;
+----------------+--------------------------------------------------------------------+
; Option         ; Setting                                                            ;
+----------------+--------------------------------------------------------------------+
; JTAG usercode  ; 0x007E9AF3                                                         ;
; Checksum       ; 0x007E9AF3                                                         ;
+----------------+--------------------------------------------------------------------+


+-------------------------------------------------------------------------------------+
; Assembler Device Options: D:/projects/hard/vhdl/TDCS_CW/CW/output_files/LOG2_CW.pof ;
+--------------------+----------------------------------------------------------------+
; Option             ; Setting                                                        ;
+--------------------+----------------------------------------------------------------+
; JTAG usercode      ; 0x00000000                                                     ;
; Checksum           ; 0xECDC6C30                                                     ;
; Compression Ratio  ; 3                                                              ;
+--------------------+----------------------------------------------------------------+


+--------------------+
; Assembler Messages ;
+--------------------+
Info: *******************************************************************
Info: Running Quartus Prime Assembler
    Info: Version 17.1.0 Build 590 10/25/2017 SJ Lite Edition
    Info: Processing started: Thu May 03 19:10:15 2018
Info: Command: quartus_asm --read_settings_files=off --write_settings_files=off LOG2_CW -c LOG2_CW
Warning (18236): Number of processors has not been specified which may cause overloading on shared machines.  Set the global assignment NUM_PARALLEL_PROCESSORS in your QSF to an appropriate value for best performance.
Info (115030): Assembler is generating device programming files
Info: Quartus Prime Assembler was successful. 0 errors, 1 warning
    Info: Peak virtual memory: 761 megabytes
    Info: Processing ended: Thu May 03 19:10:47 2018
    Info: Elapsed time: 00:00:32
    Info: Total CPU time (on all processors): 00:00:19


